<?xml version="1.0" encoding="UTF-8"?>
<!-- Generated by org.testng.reporters.JUnitReportReporter -->
<testsuite name="testcases.CreateAccountPOM" tests="1" time="34.139" ignored="3" failures="0" timestamp="21 Apr 2018 15:54:24 GMT" skipped="0" hostname="INDIA-VAISHNAVK" errors="0">
  <testcase name="createAccount" time="34.139" classname="testcases.CreateAccountPOM"/>
  <testcase name="afterTest" classname="wdMethods.ProjectMethods">
    <skipped/>
  </testcase> <!-- afterTest -->
  <testcase name="beforeSuite" classname="wdMethods.ProjectMethods">
    <skipped/>
  </testcase> <!-- beforeSuite -->
  <testcase name="afterSuite" classname="wdMethods.ProjectMethods">
    <skipped/>
  </testcase> <!-- afterSuite -->
</testsuite> <!-- testcases.CreateAccountPOM -->
